Microsoft (R) Macro Assembler Version 5.10                  11/11/21 01:03:2
                                                             Page     1-1


 = 0024				EOL EQU '$'
 = 0002				ind EQU 2
 = 01F4				n1 EQU 500
 =-0032				n2 EQU -50
 0000				AStack SEGMENT STACK
 0000  000C[				DW 12 DUP(?)
	   ????			
			 ]	
				
 0018				AStack ENDS
 0000				DATA SEGMENT
 0000  0000			mem1 DW 0
 0002  0000			mem2 DW 0
 0004  0000			mem3 DW 0
 0006  1C 1B 1A 19 15 16	vec1 DB 28,27,26,25,21,22,23,24
       17 18			
 000E  14 1E EC E2 28 32	vec2 DB 20,30,-20,-30,40,50,-40,-50 
       D8 CE			
 0016  F8 F9 03 04 FA FB	matr DB -8,-7,3,4,-6,-5,1,2,-4,-3,7,8,-2,-1,5,6
       01 02 FC FD 07 08	
       FE FF 05 06		
 0026				DATA ENDS
 0000				CODE SEGMENT
					ASSUME CS:CODE, DS:DATA, SS:AStack
 0000				Main PROC FAR
 0000  1E			 	push DS
 0001  2B C0			 	sub AX,AX
 0003  50			 	push AX
 0004  B8 ---- R		 	mov AX,DATA
 0007  8E D8			 	mov DS,AX
 0009  B8 01F4			 	mov ax,n1
 000C  8B C8			 	mov cx,ax
 000E  B3 24			 	mov bl,EOL
 0010  B7 CE			 	mov bh,n2
 0012  C7 06 0002 R FFCE	 	mov mem2,n2
 0018  BB 0006 R		 	mov bx,OFFSET vec1
 001B  A3 0000 R		 	mov mem1,ax
 001E  8A 07			 	mov al,[bx]
				 	mov mem3,[bx]
HELLO1.ASM(32): error A2052: Improper operand type
 0020  8A 47 03			 	mov al,[bx]+3
 0023  8B 4F 03			 	mov cx,3[bx]
 0026  BF 0002			 	mov di,ind
 0029  8A 85 000E R		 	mov al,vec2[di]
 002D  8B 8D 000E R		 	mov cx,vec2[di]
HELLO1.ASM(37): warning A4031: Operand types must match
 0031  BB 0003			 	mov bx,3
 0034  8A 81 0016 R		 	mov al,matr[bx][di]
 0038  8B 89 0016 R		 	mov cx,matr[bx][di]
HELLO1.ASM(40): warning A4031: Operand types must match
 003C  8B 85 0022 R		 	mov ax,matr[bx*4][di]
HELLO1.ASM(41): error A2055: Illegal register value
 0040  B8 ---- R		 	mov ax, SEG vec2
 0043  8E C0			 	mov es, ax
 0045  26: 8B 07		 	mov ax, es:[bx]
 0048  B8 0000			 	mov ax, 0
 004B  8E C0			 	mov es, ax
 004D  1E			 	push ds
Microsoft (R) Macro Assembler Version 5.10                  11/11/21 01:03:2
                                                             Page     1-2


 004E  07			 	pop es
 004F  26: 8B 4F FF		 	mov cx, es:[bx-1]
 0053  91			 	xchg cx,ax
 0054  BF 0002			 	mov di,ind
 0057  26: 89 01		 	mov es:[bx+di],ax
 005A  8B EC			 	mov bp,sp
 005C  3E: 8B 86 0016 R		 	mov ax,matr[bp+bx]
HELLO1.ASM(54): error A2046: Multiple base registers
 0061  3E: 8B 83 0016 R			mov ax,matr[bp+di+si]
HELLO1.ASM(55): error A2047: Multiple index registers
 0066  FF 36 0000 R		 	push mem1
 006A  FF 36 0002 R		 	push mem2
 006E  8B EC			 	mov bp,sp
 0070  8B 56 02			 	mov dx,[bp]+2
 0073  CA 0002				ret 2
 0076				Main ENDP
HELLO1.ASM(61): error A2006: Phase error between passes
 0076				CODE ENDS
				 	END Main 
Microsoft (R) Macro Assembler Version 5.10                  11/11/21 01:03:2
                                                             Symbols-1


Segments and Groups:

                N a m e         	Length	 Align	Combine Class

ASTACK . . . . . . . . . . . . .  	0018	PARA	STACK	
CODE . . . . . . . . . . . . . .  	0076	PARA	NONE	
DATA . . . . . . . . . . . . . .  	0026	PARA	NONE	

Symbols:            

                N a m e         	Type	 Value	 Attr

EOL  . . . . . . . . . . . . . .  	NUMBER	0024	

IND  . . . . . . . . . . . . . .  	NUMBER	0002	

MAIN . . . . . . . . . . . . . .  	F PROC	0000	CODE	Length = 0076
MATR . . . . . . . . . . . . . .  	L BYTE	0016	DATA
MEM1 . . . . . . . . . . . . . .  	L WORD	0000	DATA
MEM2 . . . . . . . . . . . . . .  	L WORD	0002	DATA
MEM3 . . . . . . . . . . . . . .  	L WORD	0004	DATA

N1 . . . . . . . . . . . . . . .  	NUMBER	01F4	
N2 . . . . . . . . . . . . . . .  	NUMBER	-0032	

VEC1 . . . . . . . . . . . . . .  	L BYTE	0006	DATA
VEC2 . . . . . . . . . . . . . .  	L BYTE	000E	DATA

@CPU . . . . . . . . . . . . . .  	TEXT  0101h		
@FILENAME  . . . . . . . . . . .  	TEXT  HELLO1		
@VERSION . . . . . . . . . . . .  	TEXT  510		


     63 Source  Lines
     63 Total   Lines
     19 Symbols

  47812 + 461495 Bytes symbol space free

      2 Warning Errors
      5 Severe  Errors
