Microsoft (R) Macro Assembler Version 5.10                  11/25/21 01:45:1
                                                             Page     1-1


 0000				AStack SEGMENT STACK
 0000  000C[			    DW 12 DUP(?)
	   ????			
			 ]	
				
 0018				AStack ENDS
				
 0000				DATA SEGMENT
				
 0000  0006			    a DW 6
 0002  0005			    b DW 5
 0004  FFFE			    i DW -2
 0006  0001			    k DW 1
 0008  0000			    i1 DW 0  ;f1=2*(i+1)-4 if a>b, if a<=b f1=5
				-3*(i+1) f1=2i-2 f1=-3i+2
 000A  0000			    i2 DW 0  ;f2=-(6*i+8) if a>b, if a<=bx f2=9
				-3*(i-1) f2=-6i-8 f2=12-3i
 000C  0000			    res DW 0 ;f3=min(i1,i2) if k=0, if k!=0 f3=
				max(i1,i2)
				
 000E				DATA ENDS
				
				
 0000				CODE SEGMENT
				    ASSUME CS:CODE, DS:DATA, SS:AStack
				
 0000				Main PROC FAR
 0000  1E			    push DS
 0001  2B C0			    sub AX,AX
 0003  50			    push AX
 0004  B8 ---- R		    mov AX,DATA
 0007  8E D8			    mov DS,AX
				
 0009  8B 0E 0004 R		    mov cx,i    ;cx=i
 000D  D1 E1			    shl cx,1    ;cx=2i
				
 000F  A1 0000 R		    mov ax,a
 0012  3B 06 0002 R		    cmp ax,b
 0016  7E 1D			    jle Label_f1_2
				
 0018				Label_f1_1:
 0018  83 E9 02			    sub cx,2    ;cx=2i-2
 001B  89 0E 0008 R		    mov i1,cx
				                
 001F  D1 E1			    shl cx,1    ;cx=4i-4
 0021  03 0E 0004 R		    add cx,i    ;cx=5i-4
 0025  03 0E 0004 R		    add cx,i    ;cx=6i-4
 0029  83 C1 0C			    add cx,12   ;cx=6i+8
 002C  F7 D9			    neg cx      ;cx=-(6i+8)
 002E  89 0E 000A R		    mov i2,cx
 0032  EB 15 90			    jmp Label_res
				
 0035				Label_f1_2:
 0035  83 E9 02			    sub cx, 2   ;cx=2i-2
Microsoft (R) Macro Assembler Version 5.10                  11/25/21 01:45:1
                                                             Page     1-2


 0038  03 0E 0004 R		    add cx,i    ;cx=3i-2
 003C  F7 D9			    neg cx      ;cx=2-3i
 003E  89 0E 0008 R		    mov i1,cx
				    
 0042  83 C1 0A			    add cx, 10  ;cx=12-3i
 0045  89 0E 000A R		    mov i2,cx
				
 0049				Label_res:    ;f3=min(i1,i2) if k=0, if k!=0 f3
				=max(i1,i2)
 0049  8B 1E 0008 R		    mov bx,i1   ;bx=i1
 004D  89 0E 000C R		    mov res,cx  ;res=i2
 0051  83 3E 0006 R 00		    cmp k,0
 0056  75 0D			    jne Label_res_else  ;if k!=0
 0058  3B 1E 000A R		    cmp bx,i2   ;i1?i2   
 005C  7D 14			    jge final
 005E  89 1E 000C R		    mov res,bx
 0062  EB 0E 90			    jmp final
				
 0065				Label_res_else:
 0065  3B 1E 000A R		    cmp bx,i2   ;i1?i2
 0069  7E 07			    jle final
 006B  89 1E 000C R		    mov res,bx
 006F  EB 01 90			    jmp final
				
 0072				final:
 0072  CB			    ret
 0073				Main ENDP
 0073				CODE ENDS
				    END Main 
Microsoft (R) Macro Assembler Version 5.10                  11/25/21 01:45:1
                                                             Symbols-1


Segments and Groups:

                N a m e         	Length	 Align	Combine Class

ASTACK . . . . . . . . . . . . .  	0018	PARA	STACK	
CODE . . . . . . . . . . . . . .  	0073	PARA	NONE	
DATA . . . . . . . . . . . . . .  	000E	PARA	NONE	

Symbols:            

                N a m e         	Type	 Value	 Attr

A  . . . . . . . . . . . . . . .  	L WORD	0000	DATA

B  . . . . . . . . . . . . . . .  	L WORD	0002	DATA

FINAL  . . . . . . . . . . . . .  	L NEAR	0072	CODE

I  . . . . . . . . . . . . . . .  	L WORD	0004	DATA
I1 . . . . . . . . . . . . . . .  	L WORD	0008	DATA
I2 . . . . . . . . . . . . . . .  	L WORD	000A	DATA

K  . . . . . . . . . . . . . . .  	L WORD	0006	DATA

LABEL_F1_1 . . . . . . . . . . .  	L NEAR	0018	CODE
LABEL_F1_2 . . . . . . . . . . .  	L NEAR	0035	CODE
LABEL_RES  . . . . . . . . . . .  	L NEAR	0049	CODE
LABEL_RES_ELSE . . . . . . . . .  	L NEAR	0065	CODE

MAIN . . . . . . . . . . . . . .  	F PROC	0000	CODE	Length = 0073

RES  . . . . . . . . . . . . . .  	L WORD	000C	DATA

@CPU . . . . . . . . . . . . . .  	TEXT  0101h		
@FILENAME  . . . . . . . . . . .  	TEXT  lab		
@VERSION . . . . . . . . . . . .  	TEXT  510		


     76 Source  Lines
     76 Total   Lines
     21 Symbols

  48030 + 461277 Bytes symbol space free

      0 Warning Errors
      0 Severe  Errors
