Microsoft (R) Macro Assembler Version 5.10                  11/4/21 14:11:52
                                                             Page     1-1


       1				; Program stack
       2 0000				AStack SEGMENT STACK
       3 0000  000C[			    DW 12 DUP(?)
       4	   ????			
       5			 ]	
       6				
       7 0018				AStack ENDS
       8				
       9				; Program data
      10 0000				DATA SEGMENT
      11 0000  0007			a DW 7
      12 0002  000C			b DW 12
      13 0004  0014			i DW 20
      14 0006  0002			k DW 2
      15 0008  0000			i1 DW 0
      16 000A  0000			i2 DW 0
      17 000C  0000			answer DW 0
      18				
      19 000E				DATA ENDS
      20				
      21				
      22				; Program code
      23 0000				CODE SEGMENT
      24				 ASSUME CS:CODE, DS:DATA, SS:AStack
      25				
      26 0000				Main PROC FAR
      27 0000  1E			    push DS
      28 0001  2B C0			    sub AX,AX
      29 0003  50			    push AX
      30 0004  B8 ---- R		    mov AX,DATA
      31 0007  8E D8			    mov DS,AX
      32				
      33 0009  8B 0E 0000 R		    mov cx, a
      34 000D  3B 0E 0002 R		    cmp cx, b 
      35 0011  7E 27			    jle secondcase ; a <= b
      36				
      37				    ; calculate i1
      38 0013  A1 0004 R		    mov ax, i 
      39 0016  8B 1E 0004 R		    mov bx, i
      40				    
      41 001A  B1 03			    mov cl, 03
      42 001C  D3 E0			    shl ax, cl ; ax = 8i
      43				
      44 001E  D1 E3			    shl bx, 1
      45 0020  2B C3			    sub ax, bx ; ax = 6i
      46				
      47 0022  C7 06 0008 R 0004	    mov i1, 4
      48 0028  29 06 0008 R		    sub i1, ax
      49				
      50				
      51				    ; calculate i2
      52 002C  A1 0004 R		    mov ax, i 
      53 002F  2D 0001			    sub ax, 1 
      54 0032  D1 E0			    shl ax, 1  
Microsoft (R) Macro Assembler Version 5.10                  11/4/21 14:11:52
                                                             Page     1-2


      55 0034  A3 000A R		    mov i2, ax
      56				    
      57 0037  EB 21 90			    jmp absi2
      58				
      59 003A				    secondcase: ; a <= b
      60 003A  8B 1E 0004 R		        mov bx, i
      61 003E  8B C3			        mov ax, bx
      62 0040  B1 02			        mov cl, 02
      63 0042  D3 E3			        shl bx, cl
      64 0044  2B D8			        sub bx, ax ; bx = 3i
      65				
      66				        ; calculate i1
      67 0046  C7 06 0008 R 0006	        mov i1, 6
      68 004C  01 1E 0008 R		        add i1, bx
      69				
      70				        ; calculate i2
      71 0050  C7 06 000A R 0002	        mov i2, 2
      72 0056  29 1E 000A R		        sub i2, bx
      73				
      74 005A				    absi2:
      75 005A  83 3E 000A R 00		        cmp i2, 0
      76 005F  7C 03			        jl changesigni2
      77 0061  EB 05 90			        jmp f3
      78				
      79 0064				    changesigni2:
      80 0064  F7 1E 000A R		        neg i2
      81				
      82 0068				    f3:
      83 0068  A1 0006 R		        mov ax, k
      84 006B  3D 0000			        cmp ax, 0
      85 006E  7C 1A			        jl absi1 ; k < 0
      86				
      87 0070				    kge0:        
      88 0070  A1 000A R		        mov ax, i2
      89 0073  2D 0003			        sub ax, 3
      90 0076  3D 0004			        cmp ax, 4
      91 0079  7E 06			        jle write4 
      92 007B  A3 000C R		        mov answer, ax
      93 007E  EB 1F 90			        jmp exit
      94				
      95 0081				    write4:
      96 0081  C7 06 000C R 0004	        mov answer, 4
      97 0087  EB 16 90			        jmp exit
      98				
      99				
     100 008A				    absi1:
     101 008A  83 3E 0008 R 00		        cmp i1, 0
     102 008F  7D 04			        jge negative
     103 0091  F7 1E 0008 R		        neg i1
     104				
     105 0095				    negative:
     106 0095  A1 0008 R		        mov ax, i1
     107 0098  2B 06 000A R		        sub ax, i2
     108 009C  A3 000C R		        mov answer, ax
Microsoft (R) Macro Assembler Version 5.10                  11/4/21 14:11:52
                                                             Page     1-3


     109				
     110 009F				    exit:
     111 009F  CB			        ret 
     112 00A0				Main ENDP
     113 00A0				CODE ENDS
     114				 END Main
Microsoft (R) Macro Assembler Version 5.10                  11/4/21 14:11:52
                                                             Symbols-1


Segments and Groups:

                N a m e         	Length	 Align	Combine Class

ASTACK . . . . . . . . . . . . .  	0018	PARA	STACK	
CODE . . . . . . . . . . . . . .  	00A0	PARA	NONE	
DATA . . . . . . . . . . . . . .  	000E	PARA	NONE	

Symbols:            

                N a m e         	Type	 Value	 Attr

A  . . . . . . . . . . . . . . .  	L WORD	0000	DATA
ABSI1  . . . . . . . . . . . . .  	L NEAR	008A	CODE
ABSI2  . . . . . . . . . . . . .  	L NEAR	005A	CODE
ANSWER . . . . . . . . . . . . .  	L WORD	000C	DATA

B  . . . . . . . . . . . . . . .  	L WORD	0002	DATA

CHANGESIGNI2 . . . . . . . . . .  	L NEAR	0064	CODE

EXIT . . . . . . . . . . . . . .  	L NEAR	009F	CODE

F3 . . . . . . . . . . . . . . .  	L NEAR	0068	CODE

I  . . . . . . . . . . . . . . .  	L WORD	0004	DATA
I1 . . . . . . . . . . . . . . .  	L WORD	0008	DATA
I2 . . . . . . . . . . . . . . .  	L WORD	000A	DATA

K  . . . . . . . . . . . . . . .  	L WORD	0006	DATA
KGE0 . . . . . . . . . . . . . .  	L NEAR	0070	CODE

MAIN . . . . . . . . . . . . . .  	F PROC	0000	CODE	Length = 00A0

NEGATIVE . . . . . . . . . . . .  	L NEAR	0095	CODE

SECONDCASE . . . . . . . . . . .  	L NEAR	003A	CODE

WRITE4 . . . . . . . . . . . . .  	L NEAR	0081	CODE

@CPU . . . . . . . . . . . . . .  	TEXT  0101h		
@FILENAME  . . . . . . . . . . .  	TEXT  main		
@VERSION . . . . . . . . . . . .  	TEXT  510		

Microsoft (R) Macro Assembler Version 5.10                  11/4/21 14:11:52
                                                             Symbols-2



    111 Source  Lines
    111 Total   Lines
     25 Symbols

  47512 + 461795 Bytes symbol space free

      0 Warning Errors
      0 Severe  Errors
