Microsoft (R) Macro Assembler Version 5.10                  10/2/21 12:44:58
                                                             Page     1-1


 = 0024				EOL EQU '$'
 = 0002				ind EQU 2
 = 01F4				n1 EQU 500
 =-0032				n2 EQU -50
				; –°—Ç–µ–∫ –ø—Ä–æ–≥—Ä–∞–º–º—ã
 0000				AStack SEGMENT STACK
 0000  000C[			    DW 12 DUP(?)
	   ????			
			 ]	
				
 0018				AStack ENDS
				; –î–∞–Ω–Ω—ã–µ –ø—Ä–æ–≥—Ä–∞–º–º—ã
 0000				DATA SEGMENT
				; –î–∏—Ä–µ–∫—Ç–∏–≤—ã –æ–ø–∏—Å–∞–Ω–∏—è –¥–∞–Ω–Ω—
				ã—Ö
 0000  0000			mem1 DW 0
 0002  0000			mem2 DW 0
 0004  0000			mem3 DW 0
 0006  1C 1B 1A 19 15 16	vec1 DB 28,27,26,25,21,22,23,24 
       17 18			
 000E  14 1E EC E2 28 32	vec2 DB 20,30,-20,-30,40,50,-40,-50
       D8 CE			
 0016  F8 F9 03 04 FA FB	matr DB -8,-7,3,4,-6,-5,1,2,-4,-3,7,8,-2,-1,5,6
       01 02 FC FD 07 08	
       FE FF 05 06		
 0026				DATA ENDS
				; –ö–æ–¥ –ø—Ä–æ–≥—Ä–∞–º–º—ã
 0000				CODE SEGMENT
				    ASSUME CS:CODE, DS:DATA, SS:AStack
				; –ì–æ–ª–æ–≤–Ω–∞—è –ø—Ä–æ—Ü–µ–¥—É—Ä–∞
 0000				Main PROC FAR
 0000  1E			    push DS
 0001  2B C0			    sub AX,AX
 0003  50			    push AX
 0004  B8 ---- R		    mov AX,DATA
 0007  8E D8			    mov DS,AX
				; –ü–†–û–í–ï–†–ö–ê –†–ï–ñ–ò–ú–û–í –ê–î–†–ï–°–ê–
				¶–ò–ò –ù–ê –£–†–û–í–ù–ï –°–ú–ï–©–ï–ù–ò–ô
				; –†–µ–≥–∏—Å—Ç—Ä–æ–≤–∞—è –∞–¥—Ä–µ—Å–∞—Ü–∏—è
 0009  B8 01F4			    mov ax,n1
 000C  8B C8			    mov cx,ax
 000E  B3 24			    mov bl,EOL
 0010  B7 CE			    mov bh,n2
				;–ü—Ä—è–º–∞—è –∞–¥—Ä–µ—Å–∞—Ü–∏—è
 0012  C7 06 0002 R FFCE	    mov mem2,n2
 0018  BB 0006 R		    mov bx,OFFSET vec1
 001B  A3 0000 R		    mov mem1,ax
				;–ö–æ—Å–≤–µ–Ω–Ω–∞—è –∞–¥—Ä–µ—Å–∞—Ü–∏—è
 001E  8A 07			    mov al,[bx]
				;    mov mem3,[bx]
				; –ë–∞–∑–∏—Ä–æ–≤–∞–Ω–Ω–∞—è –∞–¥—Ä–µ—Å–∞—Ü–∏—è
 0020  8A 47 03			    mov al,[bx]+3
 0023  8B 4F 03			    mov cx,3[bx]
				; –ò–Ω–¥–µ–∫—Å–Ω–∞—è –∞–¥—Ä–µ—Å–∞—Ü–∏—è
Microsoft (R) Macro Assembler Version 5.10                  10/2/21 12:44:58
                                                             Page     1-2


 0026  BF 0002			    mov di,ind
 0029  8A 85 000E R		    mov al,vec2[di]
				;    mov cx,vec2[di]
				; –ê–¥—Ä–µ—Å–∞—Ü–∏—è —Å –±–∞–∑–∏—Ä–æ–≤–∞–Ω–∏–µ–
				º –∏ –∏–Ω–¥–µ–∫—Å–∏—Ä–æ–≤–∞–Ω–∏–µ–º
 002D  BB 0003			    mov bx,3
 0030  8A 81 0016 R		    mov al,matr[bx][di]
				;    mov cx,matr[bx][di]
				;    mov ax,matr[bx*4][di]
				; –ü–†–û–í–ï–†–ö–ê –†–ï–ñ–ò–ú–û–í –ê–î–†–ï–°–ê–
				¶–ò–ò –° –£–ß–ï–¢–û–ú –°–ï–ì–ú–ï–ù–¢–û–í
				; –ü–µ—Ä–µ–æ–ø—Ä–µ–¥–µ–ª–µ–Ω–∏–µ —Å–µ–≥–º–µ–Ω—Ç
				–∞
				; ------ –≤–∞—Ä–∏–∞–Ω—Ç 1
 0034  B8 ---- R		    mov ax, SEG vec2
 0037  8E C0			    mov es, ax
 0039  26: 8B 07		    mov ax, es:[bx]
 003C  B8 0000			    mov ax, 0
				; ------ –≤–∞—Ä–∏–∞–Ω—Ç 2
 003F  8E C0			    mov es, ax
 0041  1E			    push ds
 0042  07			    pop es
 0043  26: 8B 4F FF		    mov cx, es:[bx-1]
 0047  91			    xchg cx,ax
				;    ------ –≤–∞—Ä–∏–∞–Ω—Ç 3
 0048  BF 0002			    mov di,ind
 004B  26: 89 01		    mov es:[bx+di],ax
				;    ------ –≤–∞—Ä–∏–∞–Ω—Ç 4
 004E  8B EC			    mov bp,sp
				;    mov ax,matr[bp+bx]
				;    mov ax,matr[bp+di+si]
				; –ò—Å–ø–æ–ª—å–∑–æ–≤–∞–Ω–∏–µ —Å–µ–≥–º–µ–Ω—Ç–∞ —
				Å—Ç–µ–∫–∞
 0050  FF 36 0000 R		    push mem1
 0054  FF 36 0002 R		    push mem2
 0058  8B EC			    mov bp,sp
 005A  8B 56 02			    mov dx,[bp]+2
 005D  CA 0002			    ret 2
 0060				Main ENDP
 0060				CODE ENDS
				    END Main
Microsoft (R) Macro Assembler Version 5.10                  10/2/21 12:44:58
                                                             Symbols-1


Segments and Groups:

                N a m e         	Length	 Align	Combine Class

ASTACK . . . . . . . . . . . . .  	0018	PARA	STACK	
CODE . . . . . . . . . . . . . .  	0060	PARA	NONE	
DATA . . . . . . . . . . . . . .  	0026	PARA	NONE	

Symbols:            

                N a m e         	Type	 Value	 Attr

EOL  . . . . . . . . . . . . . .  	NUMBER	0024	

IND  . . . . . . . . . . . . . .  	NUMBER	0002	

MAIN . . . . . . . . . . . . . .  	F PROC	0000	CODE	Length = 0060
MATR . . . . . . . . . . . . . .  	L BYTE	0016	DATA
MEM1 . . . . . . . . . . . . . .  	L WORD	0000	DATA
MEM2 . . . . . . . . . . . . . .  	L WORD	0002	DATA
MEM3 . . . . . . . . . . . . . .  	L WORD	0004	DATA

N1 . . . . . . . . . . . . . . .  	NUMBER	01F4	
N2 . . . . . . . . . . . . . . .  	NUMBER	-0032	

VEC1 . . . . . . . . . . . . . .  	L BYTE	0006	DATA
VEC2 . . . . . . . . . . . . . .  	L BYTE	000E	DATA

@CPU . . . . . . . . . . . . . .  	TEXT  0101h		
@FILENAME  . . . . . . . . . . .  	TEXT  CORRECT		
@VERSION . . . . . . . . . . . .  	TEXT  510		


     82 Source  Lines
     82 Total   Lines
     19 Symbols

  47810 + 459450 Bytes symbol space free

      0 Warning Errors
      0 Severe  Errors
