Microsoft (R) Macro Assembler Version 5.10                  12/17/21 24:06:0
                                                             Page     1-1


 0000				AStack SEGMENT STACK
 0000  0400[			 DW 1024 DUP(0)
	   0000			
			 ]	
				
 0800				AStack ENDS
				
 0000				DATA SEGMENT
 0000  47 4F 4F 44 24			string DB 'GOOD$'
					; —Ö—Ä–∞–Ω–µ–Ω–∏–µ —Å–µ–≥–º–µ–Ω—Ç–∞ –ø—
				Ä–µ—Ä—ã–≤–∞–Ω–∏—è
 0005  0000				KEEP_CS DW 0 
					; —Ö—Ä–∞–Ω–µ–Ω–∏–µ —Å–º–µ—â–µ–Ω–∏—è –ø—
				Ä–µ—Ä—ã–≤–∞–Ω–∏—è 
 0007  0000				KEEP_IP DW 0 
 0009				DATA ENDS
				
 0000				CODE SEGMENT
				 ASSUME CS:CODE, DS:DATA, SS:AStack
				
 0000				userInterrupt PROC FAR
 0000  E9 00CF R			jmp userData
					
 0003  0000				KEEP_SS DW 0
 0005  0000				KEEP_SP DW 0
 0007  0064[				procStack DW 100 dup(0)
	   0000			
			 ]	
				
					
 00CF				userData:	
 00CF  2E: 89 26 0005 R			mov KEEP_SP, SP
 00D4  2E: 8C 16 0003 R			mov KEEP_SS, SS
 00D9  B8 ---- R			mov AX, SEG userInterrupt
 00DC  8E D4				mov SS, SP
 00DE  BC 00CF R			mov SP, offset userData
 00E1  50				push ax
 00E2  52				push dx
				
 00E3				input:
 00E3  E4 60				in al, 60h 
 00E5  3C 01				cmp al, 01h  
 00E7  75 FA				jne input
					
					;–≤—ã–≤–æ–¥ —Å—Ç—Ä–æ–∫–∏
 00E9  B4 09				mov ah, 09h 
 00EB  BA 0000 R			mov dx, offset string 
 00EE  CD 21				int 21h
					
 00F0  58			   	pop ax
 00F1  5A				pop dx
				
 00F2  2E: 8E 16 0003 R			mov SS, KEEP_SS 
 00F7  2E: 8B 26 0005 R			mov SP, KEEP_SP 
Microsoft (R) Macro Assembler Version 5.10                  12/17/21 24:06:0
                                                             Page     1-2


 00FC  B0 20			        mov AL, 20h 
 00FE  E6 20			        out 20h,AL 
 0100  CF			        iret
					
 0101				userInterrupt ENDP
				
 0101				Main PROC FAR
 0101  1E				push DS
					
 0102  B8 ---- R			mov AX, DATA
 0105  8E D8				mov DS, AX
 0107  33 C0				xor ax,ax
					
 0109  B4 35				MOV AH,35h ; —Ñ—É–Ω–∫—Ü–∏—è –ø–æ–ª—É—á–
				µ–Ω–∏—è –≤–µ–∫—Ç–æ—Ä–∞
 010B  B0 16				MOV AL,16h ; –Ω–æ–º–µ—Ä –≤–µ–∫—Ç–æ—Ä–∞
 010D  CD 21				INT 21h
					
					; –∑–∞–ø–æ–º–∏–Ω–∞–Ω–∏–µ —Å–º–µ—â–µ–Ω–∏
				—è
 010F  89 1E 0007 R			MOV KEEP_IP, BX 
					; –∏ —Å–µ–≥–º–µ–Ω—Ç–∞
 0113  8C 06 0005 R			MOV KEEP_CS, ES 
					
 0117  1E				PUSH DS
 0118  BA 0000 R			MOV DX, offset userInterrupt ; —Å–º–µ—â
				–µ–Ω–∏–µ –¥–ª—è –ø—Ä–æ—Ü–µ–¥—É—Ä—ã –≤ DX
 011B  B8 ---- R			MOV AX, seg userInterrupt ; —Å–µ–≥–º–µ–
				Ω—Ç –ø—Ä–æ—Ü–µ–¥—É—Ä—ã
 011E  8E D8				MOV DS, AX ; –ø–æ–º–µ—â–∞–µ–º –≤ DS
 0120  B4 25				MOV AH, 25h ; —Ñ—É–Ω–∫—Ü–∏—è —É—Å—Ç–∞–Ω
				–æ–≤–∫–∏ –≤–µ–∫—Ç–æ—Ä–∞
 0122  B0 16				MOV AL, 16h ; –Ω–æ–º–µ—Ä –≤–µ–∫—Ç–æ—Ä–∞
 0124  CD 21				INT 21h ; –º–µ–Ω—è–µ–º –ø—Ä–µ—Ä—ã–≤–∞–Ω
				–∏–µ
 0126  1F				POP DS
				
 0127  CD 16				int 16h
					
					;–æ—á–∏—Å—Ç–∫–∞ —Ñ–ª–∞–≥–∞ IF (CLEAR IF
				)
 0129  FA				CLI
 012A  1E			   	PUSH DS
 012B  8B 16 0007 R		  	MOV DX, KEEP_IP
 012F  A1 0005 R		  	MOV AX, KEEP_CS
 0132  8E D8			  	MOV DS, AX
 0134  B4 25			  	MOV AH, 25H
 0136  B0 16			  	MOV AL, 16h
 0138  CD 21			  	INT 21H  ;–≤–æ—Å—Å—Ç–∞–Ω–∞–≤–ª–∏–≤–∞–µ–
				º –≤–µ–∫—Ç–æ—Ä
 013A  1F			  	POP DS
					
					;—É—Å—Ç–∞–Ω–æ–≤–∫–∞ —Ñ–ª–∞–≥–∞ IF(SET I
				F)
Microsoft (R) Macro Assembler Version 5.10                  12/17/21 24:06:0
                                                             Page     1-3


 013B  FB				STI
 013C  B4 4C				MOV AH, 4CH
 013E  CD 21			    	INT 21H
 0140  CB				RET
 0141				MAIN ENDP
 0141				CODE ENDS	
					END MAIN 
Microsoft (R) Macro Assembler Version 5.10                  12/17/21 24:06:0
                                                             Symbols-1


Segments and Groups:

                N a m e         	Length	 Align	Combine Class

ASTACK . . . . . . . . . . . . .  	0800	PARA	STACK	
CODE . . . . . . . . . . . . . .  	0141	PARA	NONE	
DATA . . . . . . . . . . . . . .  	0009	PARA	NONE	

Symbols:            

                N a m e         	Type	 Value	 Attr

INPUT  . . . . . . . . . . . . .  	L NEAR	00E3	CODE

KEEP_CS  . . . . . . . . . . . .  	L WORD	0005	DATA
KEEP_IP  . . . . . . . . . . . .  	L WORD	0007	DATA
KEEP_SP  . . . . . . . . . . . .  	L WORD	0005	CODE
KEEP_SS  . . . . . . . . . . . .  	L WORD	0003	CODE

MAIN . . . . . . . . . . . . . .  	F PROC	0101	CODE	Length = 0040

PROCSTACK  . . . . . . . . . . .  	L WORD	0007	CODE	Length = 0064

STRING . . . . . . . . . . . . .  	L BYTE	0000	DATA

USERDATA . . . . . . . . . . . .  	L NEAR	00CF	CODE
USERINTERRUPT  . . . . . . . . .  	F PROC	0000	CODE	Length = 0101

@CPU . . . . . . . . . . . . . .  	TEXT  0101h		
@FILENAME  . . . . . . . . . . .  	TEXT  lab5		
@VERSION . . . . . . . . . . . .  	TEXT  510		


     98 Source  Lines
     98 Total   Lines
     18 Symbols

  48016 + 461291 Bytes symbol space free

      0 Warning Errors
      0 Severe  Errors
