Microsoft (R) Macro Assembler Version 5.10                  12/18/21 20:12:0
                                                             Page     1-1


				ASSUME CS:CODE, DS:DATA, SS:STACK
				
 0000				STACK SEGMENT STACK
 0000  0400[				DW 1024 DUP(?)
	   ????			
			 ]	
				
 0800				STACK ENDS
				
 0000				DATA SEGMENT
 0000  0000				KEEP_CS DW 0
 0002  0000			    KEEP_IP DW 0
				
 0004				DATA ENDS
				
 0000				CODE SEGMENT
 0000					inter PROC FAR
 0000  E9 0407 R		jmp h_start
 0003  0000			  save_ss dw 0000h
 0005  0000			  save_sp dw 0000h
 0007  0200[			  ind_stack dw 512 DUP(?)
	   ????			
			 ]	
				
 0407				  h_start:
				
				
 0407  2E: 8C 16 0003 R		    mov save_ss, SS
 040C  2E: 89 26 0005 R		    mov save_sp, sp
 0411  BC ---- R		    mov sp, seg ind_stack
 0414  8E D4			    mov ss, sp
 0416  BC 0407 R		    mov sp, OFFSET h_start
 0419  50			        push ax
 041A  51					push cx
				        
 041B  B0 B6					mov al, 10110110b
 041D  E6 43					out 43h, al
						
 041F  8B C3					mov ax, bx
 0421  E6 42					out 42h, al
 0423  8A C4					mov al, ah
 0425  E6 42					out 42h, al
						
 0427  E4 61					in al, 61h
 0429  8A E0					mov ah, al
 042B  0C 03					or al, 3
 042D  E6 61					out 61h, al
						
 042F  2B C9					sub cx, cx
 0431  E2 FE					l: loop l
							
 0433  8A C4					mov al, ah
 0435  E6 61					out 61h, al
						
Microsoft (R) Macro Assembler Version 5.10                  12/18/21 20:12:0
                                                             Page     1-2


 0437  58			        POP AX ; –≤–æ—Å—Å—Ç–∞–Ω–æ–≤–ª–µ–Ω–∏–µ —
				Ä–µ–≥–∏—Å—Ç—Ä–æ–≤
 0438  59			  POP CX
 0439  2E: 8E 16 0003 R		    mov ss, save_ss
 043E  2E: 8B 26 0005 R		  mov sp, save_sp
 0443  B0 20			  MOV AL, 20H
 0445  E6 20			  OUT 20H,AL
 0447  CF			        iret
 0448					inter  ENDP
 0448					main PROC FAR		
 0448  B4 35					mov ah, 35h
 044A  B0 60					mov al, 60h
 044C  CD 21					int 21h
 044E  89 1E 0002 R				mov KEEP_IP, bx
 0452  8C 06 0000 R				mov KEEP_CS, es
						
 0456  BB 1194					mov bx, 4500
						
 0459  1E					push ds
 045A  BA 0000 R				mov dx, offset inter 
 045D  B8 ---- R				mov ax, seg inter
 0460  8E D8					mov ds, ax
 0462  B4 25					mov ah, 25h
 0464  B0 60					mov al, 60h
 0466  CD 21					int 21h
 0468  1F					pop ds
						
 0469  EB 19 90					jmp readKey
 046C						incFrec:
 046C  83 FB 64						cmp bx, 100
 046F  7E 13						jle readKey
 0471  83 EB 64						sub bx, 100
 0474  CD 60						int 60h
 0476  EB 0C 90						jmp readKey
 0479						decFrec:
 0479  81 FB 2710					cmp bx, 10000
 047D  7D 05						jge readKey
 047F  83 C3 64						add bx, 100
 0482  CD 60						int 60h
 0484						readKey:
 0484  B4 00						mov ah, 0h
 0486  CD 16						int 16h
 0488  3C 61						cmp al, 'a'
 048A  74 ED						je decFrec
 048C  3C 73						cmp al, 's'
 048E  74 DC						je incFrec
						
 0490  FA					cli
 0491  1E					push ds
 0492  8B 16 0002 R				mov dx, KEEP_IP
 0496  A1 0000 R				mov ax, KEEP_CS
 0499  8E D8					mov ds, ax
 049B  B4 25					mov ah, 25h
 049D  B0 60					mov al, 60h
Microsoft (R) Macro Assembler Version 5.10                  12/18/21 20:12:0
                                                             Page     1-3


 049F  CD 21					int 21h
 04A1  1F					pop	ds
 04A2  FB					sti
						
 04A3  B4 4C					mov ah, 4ch
 04A5  CD 21					int 21h
 04A7					main ENDP
 04A7				CODE ENDS
				END main
Microsoft (R) Macro Assembler Version 5.10                  12/18/21 20:12:0
                                                             Symbols-1


Segments and Groups:

                N a m e         	Length	 Align	Combine Class

CODE . . . . . . . . . . . . . .  	04A7	PARA	NONE	
DATA . . . . . . . . . . . . . .  	0004	PARA	NONE	
STACK  . . . . . . . . . . . . .  	0800	PARA	STACK	

Symbols:            

                N a m e         	Type	 Value	 Attr

DECFREC  . . . . . . . . . . . .  	L NEAR	0479	CODE

H_START  . . . . . . . . . . . .  	L NEAR	0407	CODE

INCFREC  . . . . . . . . . . . .  	L NEAR	046C	CODE
IND_STACK  . . . . . . . . . . .  	L WORD	0007	CODE	Length = 0200
INTER  . . . . . . . . . . . . .  	F PROC	0000	CODE	Length = 0448

KEEP_CS  . . . . . . . . . . . .  	L WORD	0000	DATA
KEEP_IP  . . . . . . . . . . . .  	L WORD	0002	DATA

L  . . . . . . . . . . . . . . .  	L NEAR	0431	CODE

MAIN . . . . . . . . . . . . . .  	F PROC	0448	CODE	Length = 005F

READKEY  . . . . . . . . . . . .  	L NEAR	0484	CODE

SAVE_SP  . . . . . . . . . . . .  	L WORD	0005	CODE
SAVE_SS  . . . . . . . . . . . .  	L WORD	0003	CODE

@CPU . . . . . . . . . . . . . .  	TEXT  0101h		
@FILENAME  . . . . . . . . . . .  	TEXT  LB5		
@VERSION . . . . . . . . . . . .  	TEXT  510		


    110 Source  Lines
    110 Total   Lines
     20 Symbols

  48030 + 461277 Bytes symbol space free

      0 Warning Errors
      0 Severe  Errors
