Microsoft (R) Macro Assembler Version 5.10                  10/5/21 16:57:56
                                                             Page     1-1


				; –ü—Ä–æ–≥—Ä–∞–º–º–∞ –∏–∑—É—á–µ–Ω–∏—è —Ä–µ–∂–∏–
				º–æ–≤ –∞–¥—Ä–µ—Å–∞—Ü–∏–∏ –ø—Ä–æ—Ü–µ—Å—Å–æ—Ä–∞ I
				ntelX86
				
 = 0024				EOL EQU '$'
 = 0002				ind EQU 2
 = 01F4				n1 EQU 500
 =-0032				n2 EQU -50
				
				; –°—Ç–µ–∫ –ø—Ä–æ–≥—Ä–∞–º–º—ã
				
 0000				AStack SEGMENT STACK
 0000  000C[				DW 12 DUP(?)
	   ????			
			 ]	
				
 0018				AStack ENDS
				
				; –î–∞–Ω–Ω—ã–µ –ø—Ä–æ–≥—Ä–∞–º–º—ã
 0000				DATA SEGMENT
				
				; –î–∏—Ä–µ–∫—Ç–∏–≤—ã –æ–ø–∏—Å–∞–Ω–∏—è –¥–∞–Ω–Ω—
				ã—Ö
 0000  0000			mem1 DW 0
 0002  0000			mem2 DW 0
 0004  0000			mem3 DW 0
				
 0006  12 11 10 0F 0B 0C	vec1 DB 18,17,16,15,11,12,13,14  
       0D 0E			
 000E  1E 28 E2 D8 0A 14	vec2 DB 30,40,-30,-40,10,20,-10,-20
       F6 EC			
 0016  FC FD 01 02 FE FF	matr DB -4,-3,1,2,-2,-1,3,4,5,6,7,8,-8,-7,-6,-5
       03 04 05 06 07 08	
       F8 F9 FA FB		
				
 0026				DATA ENDS
				
				; –ö–æ–¥ –ø—Ä–æ–≥—Ä–∞–º–º—ã
 0000				CODE SEGMENT
					ASSUME CS:CODE, DS:DATA, SS:AStack
				
				; –ì–æ–ª–æ–≤–Ω–∞—è –ø—Ä–æ—Ü–µ–¥—É—Ä–∞
 0000				Main PROC FAR
 0000  1E				push DS
 0001  2B C0				sub AX,AX
 0003  50				push AX
 0004  B8 ---- R			mov AX,DATA
 0007  8E D8				mov DS,AX
				
				; –ü–†–û–í–ï–†–ö–ê –†–ï–ñ–ò–ú–û–í –ê–î–†–ï–°–ê–
				¶–ò–ò –ù–ê –£–†–û–í–ù–ï –°–ú–ï–©–ï–ù–ò–ô
				; –†–µ–≥–∏—Å—Ç—Ä–æ–≤–∞—è –∞–¥—Ä–µ—Å–∞—Ü–∏—è
 0009  B8 01F4				mov ax,n1
 000C  8B C8				mov cx,ax
Microsoft (R) Macro Assembler Version 5.10                  10/5/21 16:57:56
                                                             Page     1-2


 000E  B3 24				mov bl,EOL
 0010  B7 CE				mov bh,n2
				
				; –ü—Ä—è–º–∞—è –∞–¥—Ä–µ—Å–∞—Ü–∏—è
 0012  C7 06 0002 R FFCE		mov mem2,n2
 0018  BB 0006 R			mov bx,OFFSET vec1
 001B  A3 0000 R			mov mem1,ax
				
				; –ö–æ—Å–≤–µ–Ω–Ω–∞—è –∞–¥—Ä–µ—Å–∞—Ü–∏—è
 001E  8A 07				mov al,[bx]
					mov mem3,[bx] ; - –ü–µ—Ä–µ–º–µ—â–µ–Ω–∏–
				µ –∏–∑ –ø–∞–º—è—Ç–∏ –≤ –ø–∞–º—è—Ç—å –∑–∞–ø—Ä–µ—
				â–µ–Ω–æ –Ω–∞ –∞—Ä—Ö–∏—Ç–µ–∫—Ç—É—Ä–Ω–æ–º —É—Ä–æ–
				≤–Ω–µ.
lab2.asm(54): error A2052: Improper operand type
				
				; –ë–∞–∑–∏—Ä–æ–≤–∞–Ω–Ω–∞—è –∞–¥—Ä–µ—Å–∞—Ü–∏—è
 0020  8A 47 03				mov al,[bx]+3
 0023  8B 4F 03				mov cx,3[bx]
				
				; –ò–Ω–¥–µ–∫—Å–Ω–∞—è –∞–¥—Ä–µ—Å–∞—Ü–∏—è
 0026  BF 0002				mov di,ind
 0029  8A 85 000E R			mov al,vec2[di]
 002D  8B 8D 000E R			mov cx,vec2[di] ; - –ü–æ–ø—ã—Ç–∫–∞ –ø–µ
				—Ä–µ–º–µ—â–µ–Ω–∏—è DB –≤ —Ä–µ–≥–∏—Å—Ç—Ä —Ä–∞–∑–
				º–µ—Ä–∞ DW.
lab2.asm(63): warning A4031: Operand types must match
				
				; –ê–¥—Ä–µ—Å–∞—Ü–∏—è —Å –±–∞–∑–∏—Ä–æ–≤–∞–Ω–∏–µ–
				º –∏ –∏–Ω–¥–µ–∫—Å–∏—Ä–æ–≤–∞–Ω–∏–µ–º
 0031  BB 0003				mov bx,3
 0034  8A 81 0016 R			mov al,matr[bx][di]
 0038  8B 89 0016 R			mov cx,matr[bx][di] ; - 
lab2.asm(68): warning A4031: Operand types must match
 003C  8B 85 0022 R			mov ax,matr[bx*4][di] ; - –£–º–Ω–æ–∂–µ–
				Ω–∏–µ 2-—Ö –±–∞–π—Ç–æ–≤—ã—Ö —Ä–µ–≥–∏—Å—Ç—Ä–æ–≤ 
				–∑–∞–ø—Ä–µ—â–µ–Ω–æ.
lab2.asm(69): error A2055: Illegal register value
				
				
				; –ü–†–û–í–ï–†–ö–ê –†–ï–ñ–ò–ú–û–í –ê–î–†–ï–°–ê–
				¶–ò–ò –° –£–ß–ï–¢–û–ú –°–ï–ì–ú–ï–ù–¢–û–í
				; –ü–µ—Ä–µ–æ–ø—Ä–µ–¥–µ–ª–µ–Ω–∏–µ —Å–µ–≥–º–µ–Ω—Ç
				–∞
				; ------ –≤–∞—Ä–∏–∞–Ω—Ç 1
 0040  B8 ---- R			mov ax, SEG vec2
 0043  8E C0				mov es, ax
 0045  26: 8B 07			mov ax, es:[bx]
 0048  B8 0000				mov ax, 0
				; ------ –≤–∞—Ä–∏–∞–Ω—Ç 2
 004B  8E C0				mov es, ax
 004D  1E				push ds
 004E  07				pop es
 004F  26: 8B 4F FF			mov cx, es:[bx-1]
 0053  91				xchg cx,ax
				; ------ –≤–∞—Ä–∏–∞–Ω—Ç 3
 0054  BF 0002				mov di,ind
 0057  26: 89 01			mov es:[bx+di],ax
Microsoft (R) Macro Assembler Version 5.10                  10/5/21 16:57:56
                                                             Page     1-3


				; ------ –≤–∞—Ä–∏–∞–Ω—Ç 4
 005A  8B EC				mov bp,sp
 005C  3E: 8B 86 0016 R			mov ax,matr[bp+bx] ; - –ù–µ–ª—å–∑—è –∏—
				Å–ø–æ–ª—å–∑–æ–≤–∞—Ç—å –Ω–µ—Å–∫–æ–ª—å–∫–æ –±–∞–∑
				–æ–≤—ã—Ö —Ä–µ–≥–∏—Å—Ç—Ä–æ–≤ –¥–ª—è –∞–¥—Ä–µ—Å–∞
				—Ü–∏–∏.
lab2.asm(90): error A2046: Multiple base registers
 0061  3E: 8B 83 0016 R			mov ax,matr[bp+di+si] ; - –ù–µ–ª—å–∑—è 
				–∏—Å–ø–æ–ª—å–∑–æ–≤–∞—Ç—å –Ω–µ—Å–∫–æ–ª—å–∫–æ –∏–
				Ω–¥–µ–∫—Å–Ω—ã—Ö —Ä–µ–≥–∏—Å—Ç—Ä–æ–≤ –¥–ª—è –∞–¥—
				Ä–µ—Å–∞—Ü–∏–∏
lab2.asm(91): error A2047: Multiple index registers
				
				; –ò—Å–ø–æ–ª—å–∑–æ–≤–∞–Ω–∏–µ —Å–µ–≥–º–µ–Ω—Ç–∞ —
				Å—Ç–µ–∫–∞
 0066  FF 36 0000 R			push mem1
 006A  FF 36 0002 R			push mem2
 006E  8B EC				mov bp,sp
 0070  8B 56 02				mov dx,[bp]+2
 0073  CA 0002				ret 2
 0076				Main ENDP
lab2.asm(99): error A2006: Phase error between passes
 0076				CODE ENDS
					END Main
Microsoft (R) Macro Assembler Version 5.10                  10/5/21 16:57:56
                                                             Symbols-1


Segments and Groups:

                N a m e         	Length	 Align	Combine Class

ASTACK . . . . . . . . . . . . .  	0018	PARA	STACK	
CODE . . . . . . . . . . . . . .  	0076	PARA	NONE	
DATA . . . . . . . . . . . . . .  	0026	PARA	NONE	

Symbols:            

                N a m e         	Type	 Value	 Attr

EOL  . . . . . . . . . . . . . .  	NUMBER	0024	

IND  . . . . . . . . . . . . . .  	NUMBER	0002	

MAIN . . . . . . . . . . . . . .  	F PROC	0000	CODE	Length = 0076
MATR . . . . . . . . . . . . . .  	L BYTE	0016	DATA
MEM1 . . . . . . . . . . . . . .  	L WORD	0000	DATA
MEM2 . . . . . . . . . . . . . .  	L WORD	0002	DATA
MEM3 . . . . . . . . . . . . . .  	L WORD	0004	DATA

N1 . . . . . . . . . . . . . . .  	NUMBER	01F4	
N2 . . . . . . . . . . . . . . .  	NUMBER	-0032	

VEC1 . . . . . . . . . . . . . .  	L BYTE	0006	DATA
VEC2 . . . . . . . . . . . . . .  	L BYTE	000E	DATA

@CPU . . . . . . . . . . . . . .  	TEXT  0101h		
@FILENAME  . . . . . . . . . . .  	TEXT  lab2		
@VERSION . . . . . . . . . . . .  	TEXT  510		


    101 Source  Lines
    101 Total   Lines
     19 Symbols

  47814 + 459446 Bytes symbol space free

      2 Warning Errors
      5 Severe  Errors
