Microsoft (R) Macro Assembler Version 5.10                  11/7/21 14:26:07
                                                             Page     1-1


				; Стек программы
 0000				AStack SEGMENT STACK
 0000  000C[			 DW 12 DUP(?)
	   ????			
			 ]	
				
 0018				AStack ENDS
				
				
 0000				DATA SEGMENT
 0000  0000			a DW 0
 0002  0000			b DW 0
 0004  0000			i DW 0
 0006  0000			k DW 0
 0008  0000			i1 DW 0
 000A  0000			i2 DW 0
 000C  0000			res DW 0
 000E  0006			tst DW 6
 0010				DATA ENDS
				
 0000				CODE SEGMENT
				 ASSUME CS:CODE, DS:DATA, SS:AStack
				
 0000				Main PROC FAR
 0000  1E			 push DS
 0001  2B C0			 sub AX,AX
 0003  50			 push AX
 0004  B8 ---- R		 mov AX,DATA
 0007  8E D8			 mov DS,AX
				 
				 ;Entering data
 0009  C7 06 0000 R 0005	 mov a,5
 000F  C7 06 0002 R 0005	 mov b,5
 0015  C7 06 0004 R 0002	 mov i,2
 001B  C7 06 0006 R FFFF	 mov k,-1
				 
 0021  A1 0004 R		 mov AX, i
 0024  D1 E0			 shl AX,1; = 2i
 0026  8B 1E 0000 R		 mov BX, a
 002A  3B 1E 0002 R		 cmp BX, b
				 
 002E  7E 18			 JLE f1_under
				 
 0030				f1_over:
 0030  C7 06 0008 R 000F	 mov i1, 15
 0036  29 06 0008 R		 sub i1, AX; = 15 - 2i
 003A  A1 0008 R		 mov AX, i1
				 
 003D  D1 E0			 shl AX,1; = 30 - 4i
 003F  2D 000A			 sub AX,10; = 20 - 4i
 0042  A3 000A R		 mov i2,AX
				 
 0045  EB 15 90			 JMP f3_choice
				 
Microsoft (R) Macro Assembler Version 5.10                  11/7/21 14:26:07
                                                             Page     1-2


 0048				f1_under:
 0048  03 06 0004 R		 add AX, i; = 3i
 004C  05 0004			 add AX, 4 ; = 3i + 4
 004F  A3 0008 R		 mov i1, AX
				
 0052  D1 E0			 shl AX,1
 0054  2D 000E			 sub AX,14
 0057  F7 D8			 neg AX
 0059  A3 000A R		 mov i2,AX
				 
 005C				f3_choice:
 005C  A1 0006 R		 mov AX, k
 005F  3D 0000			 cmp AX, 0
 0062  7D 1A			 JGE f3_over
				 
 0064				f3_under:
 0064  A1 0008 R		 mov AX,i1
 0067  2B 06 000A R		 sub AX,i2; = i1 - i2
 006B  3D 0000			 cmp AX, 0
 006E  7D 02			 JGE positive
 0070  F7 D8			 NEG AX; abs AX
 0072				 positive:
 0072  3D 0002			 cmp AX, 2
 0075  72 18			 JB bigger
 0077  C7 06 000C R 0002	 mov res, 2
 007D  CB			 ret
				  
 007E				f3_over:
 007E  A1 000A R		 mov AX, i2
 0081  F7 D8			 NEG AX; -i2
 0083  3D FFFA			 cmp AX, -6
 0086  7D 07			 JGE bigger
 0088  C7 06 000C R FFFA	 mov res, -6
 008E  CB			 ret
				 
 008F				bigger:
 008F  A3 000C R		 mov res, AX
 0092  CB			 ret
				
 0093				Main ENDP
 0093				CODE ENDS
				 END Main
Microsoft (R) Macro Assembler Version 5.10                  11/7/21 14:26:07
                                                             Symbols-1


Segments and Groups:

                N a m e         	Length	 Align	Combine Class

ASTACK . . . . . . . . . . . . .  	0018	PARA	STACK	
CODE . . . . . . . . . . . . . .  	0093	PARA	NONE	
DATA . . . . . . . . . . . . . .  	0010	PARA	NONE	

Symbols:            

                N a m e         	Type	 Value	 Attr

A  . . . . . . . . . . . . . . .  	L WORD	0000	DATA

B  . . . . . . . . . . . . . . .  	L WORD	0002	DATA
BIGGER . . . . . . . . . . . . .  	L NEAR	008F	CODE

F1_OVER  . . . . . . . . . . . .  	L NEAR	0030	CODE
F1_UNDER . . . . . . . . . . . .  	L NEAR	0048	CODE
F3_CHOICE  . . . . . . . . . . .  	L NEAR	005C	CODE
F3_OVER  . . . . . . . . . . . .  	L NEAR	007E	CODE
F3_UNDER . . . . . . . . . . . .  	L NEAR	0064	CODE

I  . . . . . . . . . . . . . . .  	L WORD	0004	DATA
I1 . . . . . . . . . . . . . . .  	L WORD	0008	DATA
I2 . . . . . . . . . . . . . . .  	L WORD	000A	DATA

K  . . . . . . . . . . . . . . .  	L WORD	0006	DATA

MAIN . . . . . . . . . . . . . .  	F PROC	0000	CODE	Length = 0093

POSITIVE . . . . . . . . . . . .  	L NEAR	0072	CODE

RES  . . . . . . . . . . . . . .  	L WORD	000C	DATA

TST  . . . . . . . . . . . . . .  	L WORD	000E	DATA

@CPU . . . . . . . . . . . . . .  	TEXT  0101h		
@FILENAME  . . . . . . . . . . .  	TEXT  lab3		
@VERSION . . . . . . . . . . . .  	TEXT  510		


     93 Source  Lines
     93 Total   Lines
     24 Symbols

  47978 + 461329 Bytes symbol space free

      0 Warning Errors
      0 Severe  Errors
