
Microsoft (R) Macro Assembler Version 5.10                  11/8/21 15:45:31
                                                             Page     1-1


				; Program stack
 0000				AStack SEGMENT STACK
 0000  000C[			    DW 12 DUP(?)
	   ????			
			 ]	
				
 0018				AStack ENDS
				
				; Program data
 0000				DATA SEGMENT
 0000  0004			a DW 4
 0002  0003			b DW 3
 0004  0002			i DW 2
 0006  0001			k DW 1
 0008  0000			i1 DW 0
 000A  0000			i2 DW 0
 000C  0000			res DW 0
				
 000E				DATA ENDS
				
				; Program code
 0000				CODE SEGMENT
				 ASSUME CS:CODE, DS:DATA, SS:AStack
				
 0000				Main PROC FAR
 0000  1E			    push DS
 0001  2B C0			    sub AX,AX
 0003  50			    push AX
 0004  B8 ---- R		    mov AX,DATA
 0007  8E D8			    mov DS,AX
				
 0009  8B 0E 0000 R		    mov cx, a
 000D  3B 0E 0002 R		    cmp cx, b 
 0011  7E 2D			    jle f12 ; a <= b
				
				    ; i1   a > b
 0013  A1 0004 R		    mov ax, i 
 0016  8B 1E 0004 R		    mov bx, i
				    
 001A  B1 03			    mov cl, 03
 001C  D3 E0			    shl ax, cl
				
 001E  D1 E3			    shl bx, 1
 0020  2B C3			    sub ax, bx
				
 0022  C7 06 0008 R 0004	    mov i1, 4
 0028  29 06 0008 R		    sub i1, ax
				
				
				    ; i2   a > b
 002C  A1 0004 R		    mov ax, i 
					
 002F  B1 02				mov cl, 02
 0031  D3 E0			    shl ax, cl
Microsoft (R) Macro Assembler Version 5.10                  11/8/21 15:45:31
                                                             Page     1-2


					
 0033  C7 06 000A R 0014	    mov i2, 20
 0039  29 06 000A R		    sub i2, ax
				    
 003D  EB 31 90			    jmp continuation
				
 0040				    f12:
				        ; i1   a <= b
 0040  A1 0004 R				mov ax, i
 0043  8B 1E 0004 R				mov bx, i
						
 0047  B1 02					mov cl, 02
 0049  D3 E0			        shl ax, cl
						
 004B  2B C3					sub ax, bx
						
 004D  C7 06 0008 R 0006	        mov i1, 6
 0053  01 06 0008 R		        add i1, ax
				
				        ; i2   a <= b
 0057  A1 0004 R		        mov ax, i 
 005A  8B 1E 0004 R		        mov bx, i
				    
 005E  B1 03			        mov cl, 03
 0060  D3 E0			        shl ax, cl
				
 0062  D1 E3			        shl bx, 1
 0064  2B C3			        sub ax, bx
				
 0066  C7 06 000A R 0006	        mov i2, 6
 006C  29 06 000A R		        sub i2, ax
				
 0070				    continuation:
 0070  83 3E 0008 R 00		        cmp i1, 0 
 0075  7C 0A			        jl reversi1 ; i1 < 0
						
 0077  83 3E 000A R 00				cmp i2, 0
 007C  7C 0E			        jl reversi2 ; i2 < 0
						
 007E  EB 10 90			        jmp f3
				
 0081				    reversi1:
 0081  F7 1E 0008 R		        neg i1
						
 0085  83 3E 000A R 00				cmp i2, 0
 008A  7C 00			        jl reversi2 ; i2 < 0
						
 008C					reversi2:
 008C  F7 1E 000A R				neg i2
					    
 0090				    f3:
 0090  83 3E 0006 R 00		        cmp k, 0
 0095  7C 10			        jl ff3 ; k < 0
						
Microsoft (R) Macro Assembler Version 5.10                  11/8/21 15:45:31
                                                             Page     1-3


 0097  83 3E 0008 R 06				cmp i1, 6 
 009C  7C 1A					jl fff3 ; i1 < 0
						
 009E  A1 0008 R				mov ax, i1
 00A1  A3 000C R				mov res, ax
						
 00A4  EB 18 90					jmp exit
				
 00A7				    ff3: 
 00A7  A1 0008 R				mov ax, i1
 00AA  8B 1E 000A R				mov bx, i2
 00AE  A3 000C R		        mov res, ax
 00B1  01 1E 000C R		        add res, bx
						
 00B5  EB 07 90					jmp exit
					
 00B8					fff3: 
 00B8  C7 06 000C R 0006			mov res, 6
						
 00BE				    exit:
 00BE  CB			        ret 
 00BF				Main ENDP
 00BF				CODE ENDS
				 END Main 
Microsoft (R) Macro Assembler Version 5.10                  11/8/21 15:45:31
                                                             Symbols-1


Segments and Groups:

                N a m e         	Length	 Align	Combine Class

ASTACK . . . . . . . . . . . . .  	0018	PARA	STACK	
CODE . . . . . . . . . . . . . .  	00BF	PARA	NONE	
DATA . . . . . . . . . . . . . .  	000E	PARA	NONE	

Symbols:            

                N a m e         	Type	 Value	 Attr

A  . . . . . . . . . . . . . . .  	L WORD	0000	DATA

B  . . . . . . . . . . . . . . .  	L WORD	0002	DATA

CONTINUATION . . . . . . . . . .  	L NEAR	0070	CODE

EXIT . . . . . . . . . . . . . .  	L NEAR	00BE	CODE

F12  . . . . . . . . . . . . . .  	L NEAR	0040	CODE
F3 . . . . . . . . . . . . . . .  	L NEAR	0090	CODE
FF3  . . . . . . . . . . . . . .  	L NEAR	00A7	CODE
FFF3 . . . . . . . . . . . . . .  	L NEAR	00B8	CODE

I  . . . . . . . . . . . . . . .  	L WORD	0004	DATA
I1 . . . . . . . . . . . . . . .  	L WORD	0008	DATA
I2 . . . . . . . . . . . . . . .  	L WORD	000A	DATA

K  . . . . . . . . . . . . . . .  	L WORD	0006	DATA

MAIN . . . . . . . . . . . . . .  	F PROC	0000	CODE	Length = 00BF

RES  . . . . . . . . . . . . . .  	L WORD	000C	DATA
REVERSI1 . . . . . . . . . . . .  	L NEAR	0081	CODE
REVERSI2 . . . . . . . . . . . .  	L NEAR	008C	CODE

@CPU . . . . . . . . . . . . . .  	TEXT  0101h		
@FILENAME  . . . . . . . . . . .  	TEXT  lb3		
@VERSION . . . . . . . . . . . .  	TEXT  510		


    129 Source  Lines
    129 Total   Lines
     24 Symbols

  48070 + 461237 Bytes symbol space free

      0 Warning Errors
      0 Severe  Errors