Microsoft (R) Macro Assembler Version 5.10                  11/29/21 18:47:4
                                                             Page     1-1


 = 0024				EOL EQU '$'
 0000				AStack SEGMENT STACK
 0000  000C[			    DW 12 DUP(?)
	   ????			
			 ]	
				
 0018				AStack ENDS
				
 0000				DATA SEGMENT
 0000  0004			    a   DW 4
 0002  0003			    b   DW 3
 0004  0002			    i   DW 2
 0006  0001			    k   DW 1
 0008  0000			    i1  DW 0
 000A  0000			    i2  DW 0
 000C  0000			    res DW 0
 000E				DATA ENDS
				
 0000				CODE SEGMENT
				    ASSUME CS:CODE, DS:DATA, SS:AStack
				
 0000				Main PROC FAR
 0000  1E			    push DS
 0001  2B C0			    sub AX,AX
 0003  50			    push AX
 0004  B8 ---- R		    mov AX,DATA
 0007  8E D8			    mov DS,AX
				
 0009  A1 0000 R		    mov AX, a
 000C  3B 06 0002 R		    cmp AX, b
 0010  7E 20			    jle f2
				    
 0012				    f1:
 0012  A1 0004 R		    mov AX, i
 0015  D1 E0			    shl AX, 1  ; —É–º–Ω–æ–∂–∞–µ–º i –Ω–∞ 2 (2i)
 0017  8B D8			    mov BX, AX ; —Å–æ—Ö—Ä–∞–Ω—è–µ–º –∑–Ω–∞—á–µ–
				Ω–∏–µ 2i –≤ BX
 0019  D1 E0			    shl AX, 1  ; —É–º–Ω–æ–∂–∞–µ–º 2i –Ω–∞ 2 (4i
				)
 001B  03 C3			    add AX, BX ; –ø–æ–ª—É—á–∞–µ–º 6i –≤ —Ä–µ–≥–
				∏—Å—Ç—Ä–µ AX
 001D  F7 D8			    neg AX      ; –≤–Ω–æ—Å–∏–º –≤ —Å–∫–æ–±–∫—É
 001F  A3 0008 R		    mov i1, AX  ; —Å–æ—Ö—Ä–∞–Ω—è–µ–º –∑–Ω–∞—á–µ
				–Ω–∏–µ -6i –≤ i1
 0022  83 06 0008 R 04		    add i1, 4   ; –æ—Ç–Ω–∏–º–∞–µ–º 4 –æ—Ç 6i
 0027  A3 000A R		    mov i2, AX  ; —Å–æ—Ö—Ä–∞–Ω—è–µ–º –∑–Ω–∞—á–µ
				–Ω–∏–µ -6i –≤ i2
 002A  83 2E 000A R 08		    sub i2, 8   ; –ø—Ä–∏–±–∞–≤–ª—è–µ–º 8 –∫ 6i
 002F  EB 1E 90			    jmp f3
				    
 0032				    f2:
 0032  A1 0004 R		    mov AX, i
 0035  D1 E0			    shl AX, 1   ; —É–º–Ω–æ–∂–∞–µ–º i –Ω–∞ 2 (2i
				)
Microsoft (R) Macro Assembler Version 5.10                  11/29/21 18:47:4
                                                             Page     1-2


 0037  8B D8			    mov BX, AX  ; —Å–æ—Ö—Ä–∞–Ω—è–µ–º –∑–Ω–∞—á–µ
				–Ω–∏–µ 2i –≤ BX
 0039  03 C3			    add AX, BX  ; –ø–æ–ª—É—á–∞–µ–º 3i –≤ —Ä–µ–≥
				–∏—Å—Ç—Ä–µ AX
 003B  A3 0008 R		    mov i1, AX  ; —Å–æ—Ö—Ä–∞–Ω—è–µ–º –∑–Ω–∞—á–µ
				–Ω–∏–µ 3i –≤ i1
 003E  A3 000A R		    mov i2, AX  ; —Å–æ—Ö—Ä–∞–Ω—è–µ–º –∑–Ω–∞—á–µ
				–Ω–∏–µ 3i –≤ i2
 0041  83 06 0008 R 06		    add i1, 6
 0046  83 2E 000A R 0C		    sub i2, 12
 004B  F7 1E 000A R		    neg i2
				
 004F				    f3:
 004F  A1 0006 R		    mov AX, k
 0052  3D 0000			    cmp AX, 0   ; —Å—Ä–∞–≤–Ω–∏–≤–∞–µ–º K —Å –Ω—
				É–ª–µ–º
 0055  75 14			    jne f3_2
				
 0057				    f3_1:
 0057  A1 0008 R		    mov AX, i1
 005A  03 06 000A R		    add AX, i2
 005E  3D 0000			    cmp AX, 0
 0061  7C 03			    jl negative
 0063  EB 19 90			    jmp result
				
 0066				    negative:
 0066  F7 D8			    neg AX
 0068  EB 14 90			    jmp result
				
 006B				    f3_2:
 006B  8B 1E 0008 R		    mov BX, i1
 006F  3B 1E 000A R		    cmp BX, i2
 0073  7E 06			    jle min_i1
 0075  A1 000A R		    mov AX, i2
 0078  EB 04 90			    jmp result
				
 007B				    min_i1:
 007B  A1 0008 R		    mov AX, i1
				    
 007E				    result:
 007E  A3 000C R		    mov res, AX
 0081  CB			    ret
				
 0082				Main ENDP
 0082				CODE ENDS
				    END Main
Microsoft (R) Macro Assembler Version 5.10                  11/29/21 18:47:4
                                                             Symbols-1


Segments and Groups:

                N a m e         	Length	 Align	Combine Class

ASTACK . . . . . . . . . . . . .  	0018	PARA	STACK	
CODE . . . . . . . . . . . . . .  	0082	PARA	NONE	
DATA . . . . . . . . . . . . . .  	000E	PARA	NONE	

Symbols:            

                N a m e         	Type	 Value	 Attr

A  . . . . . . . . . . . . . . .  	L WORD	0000	DATA

B  . . . . . . . . . . . . . . .  	L WORD	0002	DATA

EOL  . . . . . . . . . . . . . .  	NUMBER	0024	

F1 . . . . . . . . . . . . . . .  	L NEAR	0012	CODE
F2 . . . . . . . . . . . . . . .  	L NEAR	0032	CODE
F3 . . . . . . . . . . . . . . .  	L NEAR	004F	CODE
F3_1 . . . . . . . . . . . . . .  	L NEAR	0057	CODE
F3_2 . . . . . . . . . . . . . .  	L NEAR	006B	CODE

I  . . . . . . . . . . . . . . .  	L WORD	0004	DATA
I1 . . . . . . . . . . . . . . .  	L WORD	0008	DATA
I2 . . . . . . . . . . . . . . .  	L WORD	000A	DATA

K  . . . . . . . . . . . . . . .  	L WORD	0006	DATA

MAIN . . . . . . . . . . . . . .  	F PROC	0000	CODE	Length = 0082
MIN_I1 . . . . . . . . . . . . .  	L NEAR	007B	CODE

NEGATIVE . . . . . . . . . . . .  	L NEAR	0066	CODE

RES  . . . . . . . . . . . . . .  	L WORD	000C	DATA
RESULT . . . . . . . . . . . . .  	L NEAR	007E	CODE

@CPU . . . . . . . . . . . . . .  	TEXT  0101h		
@FILENAME  . . . . . . . . . . .  	TEXT  src		
@VERSION . . . . . . . . . . . .  	TEXT  510		


     86 Source  Lines
     86 Total   Lines
     25 Symbols

  48070 + 461237 Bytes symbol space free

      0 Warning Errors
      0 Severe  Errors
