Microsoft (R) Macro Assembler Version 5.10                  10/6/21 00:28:46
                                                             Page     1-1


       1				; –ü—Ä–æ–≥—Ä–∞–º–º–∞ –∏–∑—É—á–µ–Ω–∏—è —
					Ä–µ–∂–∏–º–æ–≤ –∞–¥—Ä–µ—Å–∞—Ü–∏–∏ –ø—Ä–æ
					—Ü–µ—Å—Å–æ—Ä–∞ IntelX86
       2 = 0024				EOL EQU '$'
       3 = 0002				ind EQU 2
       4 = 01F4				n1 EQU 500
       5 =-0032				n2 EQU -50
       6				
       7				; –°—Ç–µ–∫ –ø—Ä–æ–≥—Ä–∞–º–º—ã
       8 0000				AStack SEGMENT STACK
       9 0000  000C[			DW 12 DUP(?)
      10	   ????			
      11			 ]	
      12				
      13 0018				AStack ENDS
      14				
      15				; –î–∞–Ω–Ω—ã–µ –ø—Ä–æ–≥—Ä–∞–º–º—ã
      16 0000				DATA SEGMENT
      17				
      18				; –î–∏—Ä–µ–∫—Ç–∏–≤—ã –æ–ø–∏—Å–∞–Ω–∏—è –
					¥–∞–Ω–Ω—ã—Ö
      19 0000  0000			mem1 DW 0
      20 0002  0000			mem2 DW 0
      21 0004  0000			mem3 DW 0
      22 0006  0B 0C 0D 0E 12 11	vec1 DB 11,12,13,14,18,17,16,15
      23       10 0F			
      24 000E  0A 14 F6 EC 1E 28	vec2 DB 10,20,-10,-20,30,40,-30,-40
      25       E2 D8			
      26 0016  01 02 FC FD 03 04	matr DB 1,2,-4,-3,3,4,-2,-1,5,6,-8,-7,7
					,8,-6,-5
      27       FE FF 05 06 F8 F9	
      28       07 08 FA FB		
      29 0026				DATA ENDS
      30				
      31				; –ö–æ–¥ –ø—Ä–æ–≥—Ä–∞–º–º—ã
      32 0000				CODE SEGMENT
      33				ASSUME CS:CODE, DS:DATA, SS:AStack
      34				
      35				; –ì–æ–ª–æ–≤–Ω–∞—è –ø—Ä–æ—Ü–µ–¥—É—Ä–∞
      36 0000				Main PROC FAR
      37 0000  1E			push DS
      38 0001  2B C0			sub AX,AX
      39 0003  50			push AX
      40 0004  B8 ---- R		mov AX,DATA
      41 0007  8E D8			mov DS,AX
      42				
      43				; –ü–†–û–í–ï–†–ö–ê –†–ï–ñ–ò–ú–û–í –ê–î–
					†–ï–°–ê–¶–ò–ò –ù–ê –£–†–û–í–ù–ï –°–ú–ï–
					©–ï–ù–ò–ô
      44				; –†–µ–≥–∏—Å—Ç—Ä–æ–≤–∞—è –∞–¥—Ä–µ—Å–∞—Ü
					–∏—è
      45 0009  B8 01F4			mov ax,n1
      46 000C  8B C8			mov cx,ax
      47 000E  B3 24			mov bl,EOL
Microsoft (R) Macro Assembler Version 5.10                  10/6/21 00:28:46
                                                             Page     1-2


      48 0010  B7 CE			mov bh,n2
      49				
      50				; –ü—Ä—è–º–∞—è –∞–¥—Ä–µ—Å–∞—Ü–∏—è
      51 0012  C7 06 0002 R FFCE	mov mem2,n2
      52 0018  BB 0006 R		mov bx,OFFSET vec1
      53 001B  A3 0000 R		mov mem1,ax
      54				
      55				; –ö–æ—Å–≤–µ–Ω–Ω–∞—è –∞–¥—Ä–µ—Å–∞—Ü–∏—è
      56 001E  8A 07			mov al,[bx]
      57				mov mem3,[bx]
lab2wr.asm(50): error A2052: Improper operand type
      58				
      59				; –ë–∞–∑–∏—Ä–æ–≤–∞–Ω–Ω–∞—è –∞–¥—Ä–µ—Å–∞
					—Ü–∏—è
      60 0020  8A 47 03			mov al,[bx]+3
      61 0023  8B 4F 03			mov cx,3[bx]
      62				
      63				; –ò–Ω–¥–µ–∫—Å–Ω–∞—è –∞–¥—Ä–µ—Å–∞—Ü–∏—è
      64 0026  BF 0002			mov di,ind
      65 0029  8A 85 000E R		mov al,vec2[di]
      66 002D  8B 8D 000E R		mov cx,vec2[di]
lab2wr.asm(59): warning A4031: Operand types must match
      67				
      68				; –ê–¥—Ä–µ—Å–∞—Ü–∏—è —Å –±–∞–∑–∏—Ä–æ–≤–
					∞–Ω–∏–µ–º –∏ –∏–Ω–¥–µ–∫—Å–∏—Ä–æ–≤–∞–Ω–∏
					–µ–º
      69 0031  BB 0003			mov bx,3
      70 0034  8A 81 0016 R		mov al,matr[bx][di]
      71 0038  8B 89 0016 R		mov cx,matr[bx][di]
lab2wr.asm(64): warning A4031: Operand types must match
      72 003C  8B 85 0022 R		mov ax,matr[bx*4][di]
lab2wr.asm(65): error A2055: Illegal register value
      73				
      74				; –ü–†–û–í–ï–†–ö–ê –†–ï–ñ–ò–ú–û–í –ê–î–
					†–ï–°–ê–¶–ò–ò –° –£–ß–ï–¢–û–ú –°–ï–ì–ú–
					ï–ù–¢–û–í
      75				; –ü–µ—Ä–µ–æ–ø—Ä–µ–¥–µ–ª–µ–Ω–∏–µ —Å–µ–≥
					–º–µ–Ω—Ç–∞
      76				; ------ –≤–∞—Ä–∏–∞–Ω—Ç 1
      77 0040  B8 ---- R		mov ax, SEG vec2
      78 0043  8E C0			mov es, ax
      79 0045  26: 8B 07		mov ax, es:[bx]
      80 0048  B8 0000			mov ax, 0
      81				
      82				; ------ –≤–∞—Ä–∏–∞–Ω—Ç 2
      83 004B  8E C0			mov es, ax
      84 004D  1E			push ds
      85 004E  07			pop es
      86 004F  26: 8B 4F FF		mov cx, es:[bx-1]
      87 0053  91			xchg cx,ax
      88				
      89				; ------ –≤–∞—Ä–∏–∞–Ω—Ç 3
      90 0054  BF 0002			mov di,ind
      91 0057  26: 89 01		mov es:[bx+di],ax
      92				
      93				; ------ –≤–∞—Ä–∏–∞–Ω—Ç 4
      94 005A  8B EC			mov bp,sp
      95 005C  3E: 8B 86 0016 R		mov ax,matr[bp+bx]
lab2wr.asm(88): error A2046: Multiple base registers
Microsoft (R) Macro Assembler Version 5.10                  10/6/21 00:28:46
                                                             Page     1-3


      96 0061  3E: 8B 83 0016 R		mov ax,matr[bp+di+si]
lab2wr.asm(89): error A2047: Multiple index registers
      97				
      98				; –ò—Å–ø–æ–ª—å–∑–æ–≤–∞–Ω–∏–µ —Å–µ–≥–º–µ
					–Ω—Ç–∞ —Å—Ç–µ–∫–∞
      99 0066  FF 36 0000 R		push mem1
     100 006A  FF 36 0002 R		push mem2
     101 006E  8B EC			mov bp,sp
     102 0070  8B 56 02			mov dx,[bp]+2
     103 0073  CA 0002			ret 2
     104 0076				Main ENDP
lab2wr.asm(97): error A2006: Phase error between passes
     105 0076				CODE ENDS
     106				END Main
Microsoft (R) Macro Assembler Version 5.10                  10/6/21 00:28:46
                                                             Symbols-1


Segments and Groups:

                N a m e         	Length	 Align	Combine Class

ASTACK . . . . . . . . . . . . .  	0018	PARA	STACK	
CODE . . . . . . . . . . . . . .  	0076	PARA	NONE	
DATA . . . . . . . . . . . . . .  	0026	PARA	NONE	

Symbols:            

                N a m e         	Type	 Value	 Attr

EOL  . . . . . . . . . . . . . .  	NUMBER	0024	

IND  . . . . . . . . . . . . . .  	NUMBER	0002	

MAIN . . . . . . . . . . . . . .  	F PROC	0000	CODE	Length = 0076
MATR . . . . . . . . . . . . . .  	L BYTE	0016	DATA
MEM1 . . . . . . . . . . . . . .  	L WORD	0000	DATA
MEM2 . . . . . . . . . . . . . .  	L WORD	0002	DATA
MEM3 . . . . . . . . . . . . . .  	L WORD	0004	DATA

N1 . . . . . . . . . . . . . . .  	NUMBER	01F4	
N2 . . . . . . . . . . . . . . .  	NUMBER	-0032	

VEC1 . . . . . . . . . . . . . .  	L BYTE	0006	DATA
VEC2 . . . . . . . . . . . . . .  	L BYTE	000E	DATA

@CPU . . . . . . . . . . . . . .  	TEXT  0101h		
@FILENAME  . . . . . . . . . . .  	TEXT  lab2wr		
@VERSION . . . . . . . . . . . .  	TEXT  510		


     99 Source  Lines
     99 Total   Lines
     19 Symbols

  47278 + 457935 Bytes symbol space free

      2 Warning Errors
      5 Severe  Errors
